<?xml version="1.0" encoding="UTF-8"?>
<!-- Generated by org.testng.reporters.JUnitReportReporter -->
<testsuite hostname="LAPTOP-23T0S53D" failures="0" tests="1" name="april24.Property_file" time="1.106" errors="0" timestamp="2023-04-24T18:32:52 IST" skipped="0">
  <testcase classname="april24.Property_file" name="verifyLogin" time="1.106"/>
  <system-out>
    <![CDATA[Login Success::Dashboard « Stock Accounting   Dashboard « Stock Accounting]]>
  </system-out>
</testsuite> <!-- april24.Property_file -->
